<?xml version="1.0" ?><testsuite name="tests.TableBeanTests" time="0.022" timestamp="2025-05-22T12:00:09" tests="3" failures="0" skipped="0" aborted="0"><properties><property name="sun.boot.library.path.ivy.instance" value="/usr/lib/jvm/java-17-openjdk-amd64/lib"></property><property name="java.specification.version" value="17"></property><property name="java.specification.version.ivy.instance" value="17"></property><property name="sun.cpu.endian.ivy.instance" value="little"></property><property name="sun.arch.data.model" value="64"></property><property name="ivy.home" value="/home/ra/.ivy2"></property><property name="java.vendor.url" value="https://ubuntu.com/"></property><property name="java.version.ivy.instance" value="17.0.15"></property><property name="resources.dir" value="src/main/resources"></property><property name="ivy.default.conf.dir.ivy.instance" value="jar:file:/usr/share/ant/lib/ivy-2.5.2.jar!/org/apache/ivy/core/settings"></property><property name="ivy.conf.dir" value="/media/ra/_work/ra/ITMO/OPI/lab3/web-lab3"></property><property name="sun.boot.library.path" value="/usr/lib/jvm/java-17-openjdk-amd64/lib"></property><property name="test.classes.dir" value="build/tests/classes"></property><property name="sun.java.command" value="org.apache.tools.ant.launch.Launcher -cp  test"></property><property name="os.version.ivy.instance" value="6.8.0-59-generic"></property><property name="ivy.retrieve.pattern.ivy.instance" value="/usr/share/ant/lib/[artifact]-[revision](-[classifier]).[ext]"></property><property name="sun.jnu.encoding.ivy.instance" value="UTF-8"></property><property name="user.dir.ivy.instance" value="/media/ra/_work/ra/ITMO/OPI/lab3/web-lab3"></property><property name="jdk.debug" value="release"></property><property name="ivy.revision" value="working@ra-Zenbook-Flip-UP3404VA-UP3404VA"></property><property name="java.specification.vendor" value="Oracle Corporation"></property><property name="java.vm.version.ivy.instance" value="17.0.15+6-Ubuntu-0ubuntu122.04"></property><property name="file.separator.ivy.instance" value="/"></property><property name="java.version.date" value="2025-04-15"></property><property name="java.home" value="/usr/lib/jvm/java-17-openjdk-amd64"></property><property name="basedir" value="/media/ra/_work/ra/ITMO/OPI/lab3/web-lab3"></property><property name="java.vm.specification.vendor" value="Oracle Corporation"></property><property name="java.specification.name" value="Java Platform API Specification"></property><property name="user.timezone.ivy.instance" value="Europe/Moscow"></property><property name="ivy.conf.file" value="/media/ra/_work/ra/ITMO/OPI/lab3/web-lab3/ivysettings.xml"></property><property name="ivy.resolve.default.type.filter.ivy.instance" value="*"></property><property name="ivy.basedir.ivy.instance" value="/media/ra/_work/ra/ITMO/OPI/lab3/web-lab3"></property><property name="ivy.default.ivy.user.dir" value="/home/ra/.ivy2"></property><property name="ivy.lib.dir.ivy.instance" value="/media/ra/_work/ra/ITMO/OPI/lab3/web-lab3/lib"></property><property name="sun.management.compiler" value="HotSpot 64-Bit Tiered Compilers"></property><property name="ivy.cache.dir" value="/home/ra/.ivy2/cache"></property><property name="java.runtime.version" value="17.0.15+6-Ubuntu-0ubuntu122.04"></property><property name="java.runtime.name.ivy.instance" value="OpenJDK Runtime Environment"></property><property name="sun.io.unicode.encoding.ivy.instance" value="UnicodeLittle"></property><property name="basedir.ivy.instance" value="/media/ra/_work/ra/ITMO/OPI/lab3/web-lab3"></property><property name="file.encoding" value="UTF-8"></property><property name="ivy.dep.file" value="ivy.xml"></property><property name="os.name.ivy.instance" value="Linux"></property><property name="user.language.ivy.instance" value="ru"></property><property name="ivy.settings.file" value="ivysettings.xml"></property><property name="java.vm.specification.version.ivy.instance" value="17"></property><property name="java.vendor.url.ivy.instance" value="https://ubuntu.com/"></property><property name="line.separator.ivy.instance" value="
"></property><property name="java.io.tmpdir" value="/tmp"></property><property name="java.version" value="17.0.15"></property><property name="ivy.resolved.file" value="/media/ra/_work/ra/ITMO/OPI/lab3/web-lab3/ivy.xml"></property><property name="java.vm.specification.name.ivy.instance" value="Java Virtual Machine Specification"></property><property name="ivy.settings.dir.ivy.instance" value="/media/ra/_work/ra/ITMO/OPI/lab3/web-lab3"></property><property name="java.vm.specification.name" value="Java Virtual Machine Specification"></property><property name="music.dir" value="music"></property><property name="lib.dir" value="lib"></property><property name="file.encoding.ivy.instance" value="UTF-8"></property><property name="ivy.deliver.ivy.pattern" value="/media/ra/_work/ra/ITMO/OPI/lab3/web-lab3/distrib/[type]s/[artifact]-[revision](-[classifier]).[ext]"></property><property name="ivy.status" value="integration"></property><property name="native.encoding" value="UTF-8"></property><property name="java.library.path" value="/usr/java/packages/lib:/usr/lib/x86_64-linux-gnu/jni:/lib/x86_64-linux-gnu:/usr/lib/x86_64-linux-gnu:/usr/lib/jni:/lib:/usr/lib"></property><property name="java.vendor" value="Ubuntu"></property><property name="java.specification.maintenance.version" value="1"></property><property name="sun.io.unicode.encoding" value="UnicodeLittle"></property><property name="sun.arch.data.model.ivy.instance" value="64"></property><property name="ivy.default.ivy.user.dir.ivy.instance" value="/home/ra/.ivy2"></property><property name="ant.file.type" value="file"></property><property name="ivy.parents.count" value="0"></property><property name="ivy.configurations.ivy.instance" value="*"></property><property name="java.io.tmpdir.ivy.instance" value="/tmp"></property><property name="java.version.date.ivy.instance" value="2025-04-15"></property><property name="build.main.classes.dir" value="build/main/classes"></property><property name="ivy.default.settings.dir.ivy.instance" value="jar:file:/usr/share/ant/lib/ivy-2.5.2.jar!/org/apache/ivy/core/settings"></property><property name="message.resources" value="src/main/resources/msg"></property><property name="user.timezone" value="Europe/Moscow"></property><property name="java.vm.specification.version" value="17"></property><property name="os.name" value="Linux"></property><property name="ivy.deps.changed" value="false"></property><property name="ivy.lib.dir" value="/usr/share/ant/lib"></property><property name="webapp.dir" value="src/main/webapp"></property><property name="test.dir" value="src/main/java/tests"></property><property name="user.home" value="/home/ra"></property><property name="sun.java.command.ivy.instance" value="org.apache.tools.ant.launch.Launcher -cp  test"></property><property name="ivy.install.version" value="2.5.2"></property><property name="java.class.path.ivy.instance" value="/usr/share/ant/lib/ant-launcher.jar:/usr/share/ant/lib/ant-antlr.jar:/usr/share/ant/lib/ant-swing.jar:/usr/share/ant/lib/ant-launcher.jar:/usr/share/ant/lib/bcel.jar:/usr/share/ant/lib/ant-junit.jar:/usr/share/ant/lib/ant-apache-bsf.jar:/usr/share/ant/lib/ant-jdepend.jar:/usr/share/ant/lib/ant-commons-net.jar:/usr/share/ant/lib/ant-apache-bcel.jar:/usr/share/ant/lib/ant.jar:/usr/share/ant/lib/ant-apache-regexp.jar:/usr/share/ant/lib/ant-apache-resolver.jar:/usr/share/ant/lib/ant-apache-oro.jar:/usr/share/ant/lib/ant-apache-log4j.jar:/usr/share/ant/lib/ant-commons-logging.jar:/usr/share/ant/lib/ant-testutil.jar:/usr/share/ant/lib/ant-jmf.jar:/usr/share/ant/lib/ant-junit4.jar:/usr/share/ant/lib/ant-junitlauncher-1.10.14.jar:/usr/share/ant/lib/ant-javamail.jar:/usr/share/ant/lib/ant-jsch.jar:/usr/share/ant/lib/ant-xz.jar:/usr/share/ant/lib/ivy-2.5.2.jar:/usr/share/ant/lib/ant-apache-xalan2.jar:/usr/share/ant/lib/jsch.jar"></property><property name="ivy.publish.src.artifacts.pattern.ivy.instance" value="/media/ra/_work/ra/ITMO/OPI/lab3/web-lab3/distrib/[type]s/[artifact]-[revision](-[classifier]).[ext]"></property><property name="ivy.checksums" value="sha1,md5"></property><property name="ivy.default.settings.dir" value="jar:file:/usr/share/ant/lib/ivy-2.5.2.jar!/org/apache/ivy/core/settings"></property><property name="ivy.version" value="2.5.2"></property><property name="java.vm.info.ivy.instance" value="mixed mode, sharing"></property><property name="ivy.distrib.dir" value="/media/ra/_work/ra/ITMO/OPI/lab3/web-lab3/distrib"></property><property name="ant.library.dir.ivy.instance" value="/usr/share/ant/lib"></property><property name="ivy.settings.url.ivy.instance" value="file:/media/ra/_work/ra/ITMO/OPI/lab3/web-lab3/ivysettings.xml"></property><property name="ivy.project.dir" value="/media/ra/_work/ra/ITMO/OPI/lab3/web-lab3"></property><property name="ant.file" value="/media/ra/_work/ra/ITMO/OPI/lab3/web-lab3/build.xml"></property><property name="path.separator" value=":"></property><property name="os.version" value="6.8.0-59-generic"></property><property name="ivy.default.always.check.exact.revision.ivy.instance" value="false"></property><property name="java.vm.name" value="OpenJDK 64-Bit Server VM"></property><property name="ivy.buildlist.ivyfilepath" value="ivy.xml"></property><property name="ant.file.type.web-lab3" value="file"></property><property name="os.arch" value="amd64"></property><property name="ivy.settings.dir.url.ivy.instance" value="file:/media/ra/_work/ra/ITMO/OPI/lab3/web-lab3/"></property><property name="war.file" value="build/web-lab3.war"></property><property name="build.manifest.dir" value="build/MANIFEST.MF"></property><property name="ivy.deliver.ivy.pattern.ivy.instance" value="/media/ra/_work/ra/ITMO/OPI/lab3/web-lab3/distrib/[type]s/[artifact]-[revision](-[classifier]).[ext]"></property><property name="java.vm.info" value="mixed mode, sharing"></property><property name="ivy.conf.dir.ivy.instance" value="/media/ra/_work/ra/ITMO/OPI/lab3/web-lab3"></property><property name="user.country.ivy.instance" value="RU"></property><property name="java.class.version" value="61.0"></property><property name="src.dir" value="src/main/java/com"></property><property name="ant.library.dir" value="/usr/share/ant/lib"></property><property name="ivy.cache.dir.ivy.instance" value="/home/ra/.ivy2/cache"></property><property name="ant.project.name" value="web-lab3"></property><property name="ant.file.web-lab3" value="/media/ra/_work/ra/ITMO/OPI/lab3/web-lab3/build.xml"></property><property name="team.dir" value="team_build"></property><property name="jdk.debug.ivy.instance" value="release"></property><property name="sun.jnu.encoding" value="UTF-8"></property><property name="java.specification.name.ivy.instance" value="Java Platform API Specification"></property><property name="ivy.settings.file.ivy.instance" value="/media/ra/_work/ra/ITMO/OPI/lab3/web-lab3/ivysettings.xml"></property><property name="native2ascii.resources" value="src/main/resources/native2ascii"></property><property name="ivy.default.conf.dir" value="jar:file:/usr/share/ant/lib/ivy-2.5.2.jar!/org/apache/ivy/core/settings"></property><property name="java.runtime.version.ivy.instance" value="17.0.15+6-Ubuntu-0ubuntu122.04"></property><property name="java.vm.specification.vendor.ivy.instance" value="Oracle Corporation"></property><property name="ivy.build.artifacts.dir.ivy.instance" value="/media/ra/_work/ra/ITMO/OPI/lab3/web-lab3/build/artifacts"></property><property name="ivy.settings.dir" value="/media/ra/_work/ra/ITMO/OPI/lab3/web-lab3"></property><property name="sun.java.launcher.ivy.instance" value="SUN_STANDARD"></property><property name="scp.dir" value="/media/ra/_work/ra/Programm Files/wildfly-34.0.0.Beta1/standalone/deployments"></property><property name="sun.stderr.encoding" value="UTF-8"></property><property name="java.class.version.ivy.instance" value="61.0"></property><property name="ivy.resolve.default.type.filter" value="*"></property><property name="sun.management.compiler.ivy.instance" value="HotSpot 64-Bit Tiered Compilers"></property><property name="ivy.cache.ttl.default.ivy.instance" value="10s"></property><property name="file.separator" value="/"></property><property name="java.vm.compressedOopsMode" value="Zero based"></property><property name="ivy.settings.dir.url" value="file:/media/ra/_work/ra/ITMO/OPI/lab3/web-lab3/"></property><property name="ivy.dep.file.ivy.instance" value="ivy.xml"></property><property name="line.separator" value="
"></property><property name="sun.stdout.encoding" value="UTF-8"></property><property name="ivy.organisation" value="org.example"></property><property name="ivy.buildlist.ivyfilepath.ivy.instance" value="ivy.xml"></property><property name="java.vm.compressedOopsMode.ivy.instance" value="Zero based"></property><property name="user.name" value="ra"></property><property name="sun.stderr.encoding.ivy.instance" value="UTF-8"></property><property name="ivy.publish.src.artifacts.pattern" value="/media/ra/_work/ra/ITMO/OPI/lab3/web-lab3/distrib/[type]s/[artifact]-[revision](-[classifier]).[ext]"></property><property name="test.reports.dir" value="test_reports/"></property><property name="build.dir" value="build"></property><property name="svn.repo.url" value="file:///media/ra/_work/ra/ITMO/OPI/lab3/repo"></property><property name="ant.home" value="/usr/share/ant"></property><property name="ivy.module" value="web-lab3"></property><property name="ant.version" value="Apache Ant(TM) version 1.10.12 compiled on January 17 1970"></property><property name="ivy.report.output.pattern" value="[organisation]-[module]-[conf].[ext]"></property><property name="ivy.log.modules.in.use" value="false"></property><property name="ivy.nb.targets.copied" value="0"></property><property name="ivy.conf.url.ivy.instance" value="file:/media/ra/_work/ra/ITMO/OPI/lab3/web-lab3/ivysettings.xml"></property><property name="os.arch.ivy.instance" value="amd64"></property><property name="java.library.path.ivy.instance" value="/usr/java/packages/lib:/usr/lib/x86_64-linux-gnu/jni:/lib/x86_64-linux-gnu:/usr/lib/x86_64-linux-gnu:/usr/lib/jni:/lib:/usr/lib"></property><property name="user.home.ivy.instance" value="/home/ra"></property><property name="java.vendor.url.bug.ivy.instance" value="https://bugs.launchpad.net/ubuntu/+source/openjdk-17"></property><property name="java.class.path" value="/usr/share/ant/lib/ant-launcher.jar:/usr/share/ant/lib/ant-antlr.jar:/usr/share/ant/lib/ant-swing.jar:/usr/share/ant/lib/ant-launcher.jar:/usr/share/ant/lib/bcel.jar:/usr/share/ant/lib/ant-junit.jar:/usr/share/ant/lib/ant-apache-bsf.jar:/usr/share/ant/lib/ant-jdepend.jar:/usr/share/ant/lib/ant-commons-net.jar:/usr/share/ant/lib/ant-apache-bcel.jar:/usr/share/ant/lib/ant.jar:/usr/share/ant/lib/ant-apache-regexp.jar:/usr/share/ant/lib/ant-apache-resolver.jar:/usr/share/ant/lib/ant-apache-oro.jar:/usr/share/ant/lib/ant-apache-log4j.jar:/usr/share/ant/lib/ant-commons-logging.jar:/usr/share/ant/lib/ant-testutil.jar:/usr/share/ant/lib/ant-jmf.jar:/usr/share/ant/lib/ant-junit4.jar:/usr/share/ant/lib/ant-junitlauncher-1.10.14.jar:/usr/share/ant/lib/ant-javamail.jar:/usr/share/ant/lib/ant-jsch.jar:/usr/share/ant/lib/ant-xz.jar:/usr/share/ant/lib/ivy-2.5.2.jar:/usr/share/ant/lib/ant-apache-xalan2.jar:/usr/share/ant/lib/jsch.jar"></property><property name="java.specification.maintenance.version.ivy.instance" value="1"></property><property name="java.vm.vendor" value="Ubuntu"></property><property name="java.vendor.ivy.instance" value="Ubuntu"></property><property name="ivy.project.dir.ivy.instance" value="/media/ra/_work/ra/ITMO/OPI/lab3/web-lab3"></property><property name="ivy.status.ivy.instance" value="integration"></property><property name="env.script" value="/media/ra/_work/ra/Programm Files/wildfly-34.0.0.Beta1/bin/standalone.sh"></property><property name="sun.java.launcher" value="SUN_STANDARD"></property><property name="user.country" value="RU"></property><property name="ivy.retrieve.pattern" value="/usr/share/ant/lib/[artifact]-[revision](-[classifier]).[ext]"></property><property name="svn.revision2" value="2"></property><property name="svn.revision1" value="HEAD"></property><property name="sun.cpu.endian" value="little"></property><property name="ivy.checksums.ivy.instance" value="sha1,md5"></property><property name="user.language" value="ru"></property><property name="svn.repo.work-copy" value="/media/ra/_work/ra/ITMO/OPI/lab3/work-copy"></property><property name="user.name.ivy.instance" value="ra"></property><property name="ivy.home.ivy.instance" value="/home/ra/.ivy2"></property><property name="ant.java.version" value="17"></property><property name="native.encoding.ivy.instance" value="UTF-8"></property><property name="ivy.conf.file.ivy.instance" value="/media/ra/_work/ra/ITMO/OPI/lab3/web-lab3/ivysettings.xml"></property><property name="ivy.basedir" value="/media/ra/_work/ra/ITMO/OPI/lab3/web-lab3"></property><property name="java.vm.vendor.ivy.instance" value="Ubuntu"></property><property name="ant.home.ivy.instance" value="/usr/share/ant"></property><property name="ivy.cache.ttl.default" value="10s"></property><property name="java.vm.name.ivy.instance" value="OpenJDK 64-Bit Server VM"></property><property name="ivy.resolver.default.check.modified.ivy.instance" value="false"></property><property name="java.specification.vendor.ivy.instance" value="Oracle Corporation"></property><property name="ivy.configurations" value="*"></property><property name="ivy.default.always.check.exact.revision" value="false"></property><property name="java.runtime.name" value="OpenJDK Runtime Environment"></property><property name="ivy.distrib.dir.ivy.instance" value="/media/ra/_work/ra/ITMO/OPI/lab3/web-lab3/distrib"></property><property name="build.web.xml" value="build/web.xml"></property><property name="ant.project.invoked-targets" value="test"></property><property name="lang" value="ru"></property><property name="ant.core.lib" value="/usr/share/ant/lib/ant.jar"></property><property name="sun.stdout.encoding.ivy.instance" value="UTF-8"></property><property name="java.vendor.url.bug" value="https://bugs.launchpad.net/ubuntu/+source/openjdk-17"></property><property name="user.dir" value="/media/ra/_work/ra/ITMO/OPI/lab3/web-lab3"></property><property name="build.dir.lib" value="build/lib"></property><property name="path.separator.ivy.instance" value=":"></property><property name="locale.default" value="ru"></property><property name="ivy.report.output.pattern.ivy.instance" value="[organisation]-[module]-[conf].[ext]"></property><property name="ivy.log.modules.in.use.ivy.instance" value="false"></property><property name="java.vm.version" value="17.0.15+6-Ubuntu-0ubuntu122.04"></property><property name="ivy.targets.copied" value="false"></property><property name="ivy.resolver.default.check.modified" value="false"></property><property name="java.home.ivy.instance" value="/usr/lib/jvm/java-17-openjdk-amd64"></property><property name="ivy.settings.url" value="file:/media/ra/_work/ra/ITMO/OPI/lab3/web-lab3/ivysettings.xml"></property><property name="ivy.build.artifacts.dir" value="/media/ra/_work/ra/ITMO/OPI/lab3/web-lab3/build/artifacts"></property><property name="ivy.resolved.configurations" value="default, compile, provided, test"></property><property name="ivy.conf.url" value="file:/media/ra/_work/ra/ITMO/OPI/lab3/web-lab3/ivysettings.xml"></property></properties><testcase classname="tests.TableBeanTests" name="testClearTable_IOExceptionHandling()" time="0.007"></testcase><testcase classname="tests.TableBeanTests" name="testClearTable_SuccessfulRedirect()" time="0.006"></testcase><testcase classname="tests.TableBeanTests" name="testGetRequestHistory_ReturnsList()" time="0.005"></testcase><system-err>java.io.IOException: Test IO Exception
	at com.roma.beans.TableBean.clearTable(Unknown Source)
	at tests.TableBeanTests.testClearTable_IOExceptionHandling(Unknown Source)
	at java.base/jdk.internal.reflect.NativeMethodAccessorImpl.invoke0(Native Method)
	at java.base/jdk.internal.reflect.NativeMethodAccessorImpl.invoke(NativeMethodAccessorImpl.java:77)
	at java.base/jdk.internal.reflect.DelegatingMethodAccessorImpl.invoke(DelegatingMethodAccessorImpl.java:43)
	at java.base/java.lang.reflect.Method.invoke(Method.java:569)
	at org.junit.platform.commons.util.ReflectionUtils.invokeMethod(ReflectionUtils.java:767)
	at org.junit.jupiter.engine.execution.MethodInvocation.proceed(MethodInvocation.java:60)
	at org.junit.jupiter.engine.execution.InvocationInterceptorChain$ValidatingInvocation.proceed(InvocationInterceptorChain.java:131)
	at org.junit.jupiter.engine.extension.TimeoutExtension.intercept(TimeoutExtension.java:156)
	at org.junit.jupiter.engine.extension.TimeoutExtension.interceptTestableMethod(TimeoutExtension.java:147)
	at org.junit.jupiter.engine.extension.TimeoutExtension.interceptTestMethod(TimeoutExtension.java:86)
	at org.junit.jupiter.engine.execution.InterceptingExecutableInvoker$ReflectiveInterceptorCall.lambda$ofVoidMethod$0(InterceptingExecutableInvoker.java:103)
	at org.junit.jupiter.engine.execution.InterceptingExecutableInvoker.lambda$invoke$0(InterceptingExecutableInvoker.java:93)
	at org.junit.jupiter.engine.execution.InvocationInterceptorChain$InterceptedInvocation.proceed(InvocationInterceptorChain.java:106)
	at org.junit.jupiter.engine.execution.InvocationInterceptorChain.proceed(InvocationInterceptorChain.java:64)
	at org.junit.jupiter.engine.execution.InvocationInterceptorChain.chainAndInvoke(InvocationInterceptorChain.java:45)
	at org.junit.jupiter.engine.execution.InvocationInterceptorChain.invoke(InvocationInterceptorChain.java:37)
	at org.junit.jupiter.engine.execution.InterceptingExecutableInvoker.invoke(InterceptingExecutableInvoker.java:92)
	at org.junit.jupiter.engine.execution.InterceptingExecutableInvoker.invoke(InterceptingExecutableInvoker.java:86)
	at org.junit.jupiter.engine.descriptor.TestMethodTestDescriptor.lambda$invokeTestMethod$8(TestMethodTestDescriptor.java:217)
	at org.junit.platform.engine.support.hierarchical.ThrowableCollector.execute(ThrowableCollector.java:73)
	at org.junit.jupiter.engine.descriptor.TestMethodTestDescriptor.invokeTestMethod(TestMethodTestDescriptor.java:213)
	at org.junit.jupiter.engine.descriptor.TestMethodTestDescriptor.execute(TestMethodTestDescriptor.java:138)
	at org.junit.jupiter.engine.descriptor.TestMethodTestDescriptor.execute(TestMethodTestDescriptor.java:68)
	at org.junit.platform.engine.support.hierarchical.NodeTestTask.lambda$executeRecursively$6(NodeTestTask.java:156)
	at org.junit.platform.engine.support.hierarchical.ThrowableCollector.execute(ThrowableCollector.java:73)
	at org.junit.platform.engine.support.hierarchical.NodeTestTask.lambda$executeRecursively$8(NodeTestTask.java:146)
	at org.junit.platform.engine.support.hierarchical.Node.around(Node.java:137)
	at org.junit.platform.engine.support.hierarchical.NodeTestTask.lambda$executeRecursively$9(NodeTestTask.java:144)
	at org.junit.platform.engine.support.hierarchical.ThrowableCollector.execute(ThrowableCollector.java:73)
	at org.junit.platform.engine.support.hierarchical.NodeTestTask.executeRecursively(NodeTestTask.java:143)
	at org.junit.platform.engine.support.hierarchical.NodeTestTask.execute(NodeTestTask.java:100)
	at java.base/java.util.ArrayList.forEach(ArrayList.java:1511)
	at org.junit.platform.engine.support.hierarchical.SameThreadHierarchicalTestExecutorService.invokeAll(SameThreadHierarchicalTestExecutorService.java:41)
	at org.junit.platform.engine.support.hierarchical.NodeTestTask.lambda$executeRecursively$6(NodeTestTask.java:160)
	at org.junit.platform.engine.support.hierarchical.ThrowableCollector.execute(ThrowableCollector.java:73)
	at org.junit.platform.engine.support.hierarchical.NodeTestTask.lambda$executeRecursively$8(NodeTestTask.java:146)
	at org.junit.platform.engine.support.hierarchical.Node.around(Node.java:137)
	at org.junit.platform.engine.support.hierarchical.NodeTestTask.lambda$executeRecursively$9(NodeTestTask.java:144)
	at org.junit.platform.engine.support.hierarchical.ThrowableCollector.execute(ThrowableCollector.java:73)
	at org.junit.platform.engine.support.hierarchical.NodeTestTask.executeRecursively(NodeTestTask.java:143)
	at org.junit.platform.engine.support.hierarchical.NodeTestTask.execute(NodeTestTask.java:100)
	at java.base/java.util.ArrayList.forEach(ArrayList.java:1511)
	at org.junit.platform.engine.support.hierarchical.SameThreadHierarchicalTestExecutorService.invokeAll(SameThreadHierarchicalTestExecutorService.java:41)
	at org.junit.platform.engine.support.hierarchical.NodeTestTask.lambda$executeRecursively$6(NodeTestTask.java:160)
	at org.junit.platform.engine.support.hierarchical.ThrowableCollector.execute(ThrowableCollector.java:73)
	at org.junit.platform.engine.support.hierarchical.NodeTestTask.lambda$executeRecursively$8(NodeTestTask.java:146)
	at org.junit.platform.engine.support.hierarchical.Node.around(Node.java:137)
	at org.junit.platform.engine.support.hierarchical.NodeTestTask.lambda$executeRecursively$9(NodeTestTask.java:144)
	at org.junit.platform.engine.support.hierarchical.ThrowableCollector.execute(ThrowableCollector.java:73)
	at org.junit.platform.engine.support.hierarchical.NodeTestTask.executeRecursively(NodeTestTask.java:143)
	at org.junit.platform.engine.support.hierarchical.NodeTestTask.execute(NodeTestTask.java:100)
	at org.junit.platform.engine.support.hierarchical.SameThreadHierarchicalTestExecutorService.submit(SameThreadHierarchicalTestExecutorService.java:35)
	at org.junit.platform.engine.support.hierarchical.HierarchicalTestExecutor.execute(HierarchicalTestExecutor.java:57)
	at org.junit.platform.engine.support.hierarchical.HierarchicalTestEngine.execute(HierarchicalTestEngine.java:54)
	at org.junit.platform.launcher.core.EngineExecutionOrchestrator.execute(EngineExecutionOrchestrator.java:198)
	at org.junit.platform.launcher.core.EngineExecutionOrchestrator.execute(EngineExecutionOrchestrator.java:169)
	at org.junit.platform.launcher.core.EngineExecutionOrchestrator.execute(EngineExecutionOrchestrator.java:93)
	at org.junit.platform.launcher.core.EngineExecutionOrchestrator.lambda$execute$0(EngineExecutionOrchestrator.java:58)
	at org.junit.platform.launcher.core.EngineExecutionOrchestrator.withInterceptedStreams(EngineExecutionOrchestrator.java:141)
	at org.junit.platform.launcher.core.EngineExecutionOrchestrator.execute(EngineExecutionOrchestrator.java:57)
	at org.junit.platform.launcher.core.DefaultLauncher.execute(DefaultLauncher.java:103)
	at org.junit.platform.launcher.core.DefaultLauncher.execute(DefaultLauncher.java:85)
	at org.junit.platform.launcher.core.DelegatingLauncher.execute(DelegatingLauncher.java:47)
	at org.junit.platform.launcher.core.SessionPerRequestLauncher.execute(SessionPerRequestLauncher.java:63)
	at org.apache.tools.ant.taskdefs.optional.junitlauncher.LauncherSupport.launch(LauncherSupport.java:145)
	at java.base/jdk.internal.reflect.NativeMethodAccessorImpl.invoke0(Native Method)
	at java.base/jdk.internal.reflect.NativeMethodAccessorImpl.invoke(NativeMethodAccessorImpl.java:77)
	at java.base/jdk.internal.reflect.DelegatingMethodAccessorImpl.invoke(DelegatingMethodAccessorImpl.java:43)
	at java.base/java.lang.reflect.Method.invoke(Method.java:569)
	at org.apache.tools.ant.taskdefs.optional.junitlauncher.confined.JUnitLauncherTask.launchViaReflection(JUnitLauncherTask.java:234)
	at org.apache.tools.ant.taskdefs.optional.junitlauncher.confined.JUnitLauncherTask.execute(JUnitLauncherTask.java:108)
	at org.apache.tools.ant.UnknownElement.execute(UnknownElement.java:299)
	at jdk.internal.reflect.GeneratedMethodAccessor22.invoke(Unknown Source)
	at java.base/jdk.internal.reflect.DelegatingMethodAccessorImpl.invoke(DelegatingMethodAccessorImpl.java:43)
	at java.base/java.lang.reflect.Method.invoke(Method.java:569)
	at org.apache.tools.ant.dispatch.DispatchUtils.execute(DispatchUtils.java:99)
	at org.apache.tools.ant.Task.perform(Task.java:350)
	at org.apache.tools.ant.Target.execute(Target.java:449)
	at org.apache.tools.ant.Target.performTasks(Target.java:470)
	at org.apache.tools.ant.Project.executeSortedTargets(Project.java:1401)
	at org.apache.tools.ant.Project.executeTarget(Project.java:1374)
	at org.apache.tools.ant.helper.DefaultExecutor.executeTargets(DefaultExecutor.java:41)
	at org.apache.tools.ant.Project.executeTargets(Project.java:1264)
	at org.apache.tools.ant.Main.runBuild(Main.java:818)
	at org.apache.tools.ant.Main.startAnt(Main.java:223)
	at org.apache.tools.ant.launch.Launcher.run(Launcher.java:284)
	at org.apache.tools.ant.launch.Launcher.main(Launcher.java:101)
</system-err></testsuite>